Using pre-set license
Built from '2022.3/staging' branch; Version is '2022.3.30f1 (70558241b701) revision 7361922'; Using compiler version '192829333'; Build Type 'Release'
OS: 'Windows 11  (10.0.22631) 64bit CoreSingleLanguage' Language: 'es' Physical Memory: 16251 MB
BatchMode: 1, IsHumanControllingUs: 0, StartBugReporterOnCrash: 0, Is64bit: 1, IsPro: 1

COMMAND LINE ARGUMENTS:
D:\Aplicaciones\Unity Editor\2022.3.30f1\Editor\Unity.exe
-adb2
-batchMode
-noUpm
-name
AssetImportWorker11
-projectPath
D:/Documentos/GitHub/Rey_de_la_cancha
-logFile
Logs/AssetImportWorker11.log
-srvPort
49181
Successfully changed project path to: D:/Documentos/GitHub/Rey_de_la_cancha
D:/Documentos/GitHub/Rey_de_la_cancha
[UnityMemory] Configuration Parameters - Can be set up in boot.config
    "memorysetup-bucket-allocator-granularity=16"
    "memorysetup-bucket-allocator-bucket-count=8"
    "memorysetup-bucket-allocator-block-size=33554432"
    "memorysetup-bucket-allocator-block-count=8"
    "memorysetup-main-allocator-block-size=16777216"
    "memorysetup-thread-allocator-block-size=16777216"
    "memorysetup-gfx-main-allocator-block-size=16777216"
    "memorysetup-gfx-thread-allocator-block-size=16777216"
    "memorysetup-cache-allocator-block-size=4194304"
    "memorysetup-typetree-allocator-block-size=2097152"
    "memorysetup-profiler-bucket-allocator-granularity=16"
    "memorysetup-profiler-bucket-allocator-bucket-count=8"
    "memorysetup-profiler-bucket-allocator-block-size=33554432"
    "memorysetup-profiler-bucket-allocator-block-count=8"
    "memorysetup-profiler-allocator-block-size=16777216"
    "memorysetup-profiler-editor-allocator-block-size=1048576"
    "memorysetup-temp-allocator-size-main=16777216"
    "memorysetup-job-temp-allocator-block-size=2097152"
    "memorysetup-job-temp-allocator-block-size-background=1048576"
    "memorysetup-job-temp-allocator-reduction-small-platforms=262144"
    "memorysetup-allocator-temp-initial-block-size-main=262144"
    "memorysetup-allocator-temp-initial-block-size-worker=262144"
    "memorysetup-temp-allocator-size-background-worker=32768"
    "memorysetup-temp-allocator-size-job-worker=262144"
    "memorysetup-temp-allocator-size-preload-manager=33554432"
    "memorysetup-temp-allocator-size-nav-mesh-worker=65536"
    "memorysetup-temp-allocator-size-audio-worker=65536"
    "memorysetup-temp-allocator-size-cloud-worker=32768"
    "memorysetup-temp-allocator-size-gi-baking-worker=262144"
    "memorysetup-temp-allocator-size-gfx=262144"
Player connection [21548] Host "[IP] 192.168.100.7 [Port] 0 [Flags] 2 [Guid] 3239605528 [EditorId] 3239605528 [Version] 1048832 [Id] WindowsEditor(7,Sharli) [Debug] 1 [PackageName] WindowsEditor [ProjectName] Editor" joined multi-casting on [225.0.0.222:54997]...

Player connection [21548] Host "[IP] 192.168.100.7 [Port] 0 [Flags] 2 [Guid] 3239605528 [EditorId] 3239605528 [Version] 1048832 [Id] WindowsEditor(7,Sharli) [Debug] 1 [PackageName] WindowsEditor [ProjectName] Editor" joined alternative multi-casting on [225.0.0.222:34997]...

[Physics::Module] Initialized MultithreadedJobDispatcher with 11 workers.
Refreshing native plugins compatible for Editor in 14.11 ms, found 4 plugins.
Preloading 0 native plugins for Editor in 0.00 ms.
Initialize engine version: 2022.3.30f1 (70558241b701)
[Subsystems] Discovering subsystems at path D:/Aplicaciones/Unity Editor/2022.3.30f1/Editor/Data/Resources/UnitySubsystems
[Subsystems] Discovering subsystems at path D:/Documentos/GitHub/Rey_de_la_cancha/Assets
GfxDevice: creating device client; threaded=0; jobified=0
Direct3D:
    Version:  Direct3D 11.0 [level 11.1]
    Renderer: NVIDIA GeForce RTX 2060 (ID=0x1f15)
    Vendor:   NVIDIA
    VRAM:     5955 MB
    Driver:   32.0.15.6109
Initialize mono
Mono path[0] = 'D:/Aplicaciones/Unity Editor/2022.3.30f1/Editor/Data/Managed'
Mono path[1] = 'D:/Aplicaciones/Unity Editor/2022.3.30f1/Editor/Data/MonoBleedingEdge/lib/mono/unityjit-win32'
Mono config path = 'D:/Aplicaciones/Unity Editor/2022.3.30f1/Editor/Data/MonoBleedingEdge/etc'
Using monoOptions --debugger-agent=transport=dt_socket,embedding=1,server=y,suspend=n,address=127.0.0.1:56044
Begin MonoManager ReloadAssembly
Registering precompiled unity dll's ...
Register platform support module: D:/Aplicaciones/Unity Editor/2022.3.30f1/Editor/Data/PlaybackEngines/WebGLSupport/UnityEditor.WebGL.Extensions.dll
Register platform support module: D:/Aplicaciones/Unity Editor/2022.3.30f1/Editor/Data/PlaybackEngines/WindowsStandaloneSupport/UnityEditor.WindowsStandalone.Extensions.dll
Registered in 0.005062 seconds.
- Loaded All Assemblies, in  0.507 seconds
Native extension for WindowsStandalone target not found
Native extension for WebGL target not found
Mono: successfully reloaded assembly
- Finished resetting the current domain, in  0.371 seconds
Domain Reload Profiling: 877ms
	BeginReloadAssembly (159ms)
		ExecutionOrderSort (0ms)
		DisableScriptedObjects (0ms)
		BackupInstance (0ms)
		ReleaseScriptingObjects (0ms)
		CreateAndSetChildDomain (1ms)
	RebuildCommonClasses (55ms)
	RebuildNativeTypeToScriptingClass (16ms)
	initialDomainReloadingComplete (70ms)
	LoadAllAssembliesAndSetupDomain (207ms)
		LoadAssemblies (158ms)
		RebuildTransferFunctionScriptingTraits (0ms)
		AnalyzeDomain (205ms)
			TypeCache.Refresh (203ms)
				TypeCache.ScanAssembly (184ms)
			ScanForSourceGeneratedMonoScriptInfo (0ms)
			ResolveRequiredComponents (1ms)
	FinalizeReload (371ms)
		ReleaseScriptCaches (0ms)
		RebuildScriptCaches (0ms)
		SetupLoadedEditorAssemblies (286ms)
			LogAssemblyErrors (0ms)
			InitializePlatformSupportModulesInManaged (11ms)
			SetLoadedEditorAssemblies (8ms)
			RefreshPlugins (0ms)
			BeforeProcessingInitializeOnLoad (3ms)
			ProcessInitializeOnLoadAttributes (203ms)
			ProcessInitializeOnLoadMethodAttributes (62ms)
			AfterProcessingInitializeOnLoad (0ms)
			EditorAssembliesLoaded (0ms)
		ExecutionOrderSort2 (0ms)
		AwakeInstancesAfterBackupRestoration (0ms)
========================================================================
Worker process is ready to serve import requests
Begin MonoManager ReloadAssembly
- Loaded All Assemblies, in  0.903 seconds
Refreshing native plugins compatible for Editor in 4.45 ms, found 4 plugins.
Native extension for WindowsStandalone target not found
Native extension for WebGL target not found
Package Manager log level set to [2]
[Package Manager] Server::EnsureServerProcessIsRunning -- launch failed, reason: Unity was launched with the -noUpm command-line argument
[Package Manager] UpmClient::Send -- Unable to send message (not connected to UPM process).
[Package Manager] Cannot connect to Unity Package Manager local server
Mono: successfully reloaded assembly
- Finished resetting the current domain, in  1.108 seconds
Domain Reload Profiling: 2010ms
	BeginReloadAssembly (205ms)
		ExecutionOrderSort (0ms)
		DisableScriptedObjects (8ms)
		BackupInstance (0ms)
		ReleaseScriptingObjects (0ms)
		CreateAndSetChildDomain (26ms)
	RebuildCommonClasses (45ms)
	RebuildNativeTypeToScriptingClass (16ms)
	initialDomainReloadingComplete (55ms)
	LoadAllAssembliesAndSetupDomain (582ms)
		LoadAssemblies (393ms)
		RebuildTransferFunctionScriptingTraits (0ms)
		AnalyzeDomain (310ms)
			TypeCache.Refresh (256ms)
				TypeCache.ScanAssembly (235ms)
			ScanForSourceGeneratedMonoScriptInfo (38ms)
			ResolveRequiredComponents (15ms)
	FinalizeReload (1108ms)
		ReleaseScriptCaches (0ms)
		RebuildScriptCaches (0ms)
		SetupLoadedEditorAssemblies (855ms)
			LogAssemblyErrors (0ms)
			InitializePlatformSupportModulesInManaged (8ms)
			SetLoadedEditorAssemblies (5ms)
			RefreshPlugins (0ms)
			BeforeProcessingInitializeOnLoad (93ms)
			ProcessInitializeOnLoadAttributes (626ms)
			ProcessInitializeOnLoadMethodAttributes (120ms)
			AfterProcessingInitializeOnLoad (3ms)
			EditorAssembliesLoaded (0ms)
		ExecutionOrderSort2 (0ms)
		AwakeInstancesAfterBackupRestoration (9ms)
Launched and connected shader compiler UnityShaderCompiler.exe after 0.09 seconds
Refreshing native plugins compatible for Editor in 4.54 ms, found 4 plugins.
Preloading 0 native plugins for Editor in 0.00 ms.
Unloading 5708 Unused Serialized files (Serialized files now loaded: 0)
Unloading 90 unused Assets / (0.8 MB). Loaded Objects now: 6165.
Memory consumption went from 209.5 MB to 208.7 MB.
Total: 4.881000 ms (FindLiveObjects: 0.513600 ms CreateObjectMapping: 0.590700 ms MarkObjects: 3.330100 ms  DeleteObjects: 0.445300 ms)

AssetImportParameters requested are different than current active one (requested -> active):
  custom:container-demuxer-ogg: 62fdf1f143b41e24485cea50d1cbac27 -> 
  custom:video-codec-MediaFoundation-h265: 746d11721c4dcdbdad8f713fa42b33f4 -> 
  custom:video-decoder-ogg-theora: a1e56fd34408186e4bbccfd4996cb3dc -> 
  custom:framework-win-MediaFoundation: 216162199b28c13a410421893ffa2e32 -> 
  custom:CustomObjectIndexerAttribute: 72b91833f83ae208fae7752999fa3104 -> 
  custom:container-demuxer-webm: 4f35f7cbe854078d1ac9338744f61a02 -> 
  custom:container-muxer-webm: aa71ff27fc2769a1b78a27578f13a17b -> 
  custom:video-decoder-webm-vp8: 9c59270c3fd7afecdb556c50c9e8de78 -> 
  custom:SearchIndexIgnoredProperties: e643bd26f0fe6173181afceb89e7c659 -> 
  custom:AudioImporter_EditorPlatform: d09bf68614088b80899f8185d706f6e7 -> 
  custom:video-encoder-webm-vp8: eb34c28f22e8b96e1ab97ce403110664 -> 
  custom:audio-decoder-ogg-vorbis: bf7c407c2cedff20999df2af8eb42d56 -> 
  custom:audio-encoder-webm-vorbis: bf7c407c2cedff20999df2af8eb42d56 -> 
========================================================================
Received Import Request.
  Time since last request: 16257.842477 seconds.
  path: Assets/Story/Scenes/Perder Primer partido/13.d - transicion minijuego.asset
  artifactKey: Guid(196ee0b45a3ad6940a20cfe01e754640) Importer(815301076,1909f56bfc062723c751e8b465ee728b)
Start importing Assets/Story/Scenes/Perder Primer partido/13.d - transicion minijuego.asset using Guid(196ee0b45a3ad6940a20cfe01e754640) Importer(815301076,1909f56bfc062723c751e8b465ee728b)  -> (artifact id: '3185089db33672acfa3af531bbdbe6ce') in 0.013386 seconds
Number of updated asset objects reloaded before import = 0
Number of asset objects unloaded after import = 1
========================================================================
Received Import Request.
  Time since last request: 36.963535 seconds.
  path: Assets/Scenes/Juego/13.d finales
  artifactKey: Guid(05572b2c01665d94ca013e5bc329efee) Importer(815301076,1909f56bfc062723c751e8b465ee728b)
Start importing Assets/Scenes/Juego/13.d finales using Guid(05572b2c01665d94ca013e5bc329efee) Importer(815301076,1909f56bfc062723c751e8b465ee728b)  -> (artifact id: '8ddf9feda607ca39d0198912fa0b31a6') in 0.000455 seconds
Number of updated asset objects reloaded before import = 0
Number of asset objects unloaded after import = 0
========================================================================
Received Import Request.
  Time since last request: 11.745605 seconds.
  path: Assets/Scenes/Juego/Hablar/19.a - continuación 1.unity
  artifactKey: Guid(034fc0de531166e48a8f617b927c1041) Importer(815301076,1909f56bfc062723c751e8b465ee728b)
Start importing Assets/Scenes/Juego/Hablar/19.a - continuación 1.unity using Guid(034fc0de531166e48a8f617b927c1041) Importer(815301076,1909f56bfc062723c751e8b465ee728b)  -> (artifact id: '0db86f546acbdbb84f1305bb1ab07a70') in 0.000448 seconds
Number of updated asset objects reloaded before import = 0
Number of asset objects unloaded after import = 0
========================================================================
Received Import Request.
  Time since last request: 9.623244 seconds.
  path: Assets/Scenes/Juego/13.d finales/13.d - Ganar.unity
  artifactKey: Guid(034fc0de531166e48a8f617b927c1041) Importer(815301076,1909f56bfc062723c751e8b465ee728b)
Start importing Assets/Scenes/Juego/13.d finales/13.d - Ganar.unity using Guid(034fc0de531166e48a8f617b927c1041) Importer(815301076,1909f56bfc062723c751e8b465ee728b)  -> (artifact id: 'fb77c9fcc187b7d97a3e3386a00252e5') in 0.000570 seconds
Number of updated asset objects reloaded before import = 0
Number of asset objects unloaded after import = 0
========================================================================
Received Import Request.
  Time since last request: 6.735437 seconds.
  path: Assets/Story/Scenes/Perder Primer partido/12.d - Junta José.asset
  artifactKey: Guid(99ab8de46fcc6cf49b346cac68faea19) Importer(815301076,1909f56bfc062723c751e8b465ee728b)
Start importing Assets/Story/Scenes/Perder Primer partido/12.d - Junta José.asset using Guid(99ab8de46fcc6cf49b346cac68faea19) Importer(815301076,1909f56bfc062723c751e8b465ee728b)  -> (artifact id: 'c0f05dadb5e7757039bc4dd2f39346e5') in 0.012684 seconds
Number of updated asset objects reloaded before import = 0
Number of asset objects unloaded after import = 73
========================================================================
Received Import Request.
  Time since last request: 28.526447 seconds.
  path: Assets/Story/Scenes/Perder Primer partido/14.d - Ganar.asset
  artifactKey: Guid(811e783cb5d3d5e489e9789299b414d8) Importer(815301076,1909f56bfc062723c751e8b465ee728b)
Start importing Assets/Story/Scenes/Perder Primer partido/14.d - Ganar.asset using Guid(811e783cb5d3d5e489e9789299b414d8) Importer(815301076,1909f56bfc062723c751e8b465ee728b)  -> (artifact id: 'd5f525071be831809f2e9bde8e4b8cc0') in 0.001045 seconds
Number of updated asset objects reloaded before import = 0
Number of asset objects unloaded after import = 1
========================================================================
Received Import Request.
  Time since last request: 59.467920 seconds.
  path: Assets/Story/Speakers/P.asset
  artifactKey: Guid(3f81a4cfd63391a4f8453e2e598cfd30) Importer(815301076,1909f56bfc062723c751e8b465ee728b)
Start importing Assets/Story/Speakers/P.asset using Guid(3f81a4cfd63391a4f8453e2e598cfd30) Importer(815301076,1909f56bfc062723c751e8b465ee728b)  -> (artifact id: '2f87e23ef3fcf1f63b69deea915862ff') in 0.001039 seconds
Number of updated asset objects reloaded before import = 0
Number of asset objects unloaded after import = 1
========================================================================
Received Import Request.
  Time since last request: 22.687270 seconds.
  path: Assets/Story/Speakers/Público.asset
  artifactKey: Guid(3f81a4cfd63391a4f8453e2e598cfd30) Importer(815301076,1909f56bfc062723c751e8b465ee728b)
Start importing Assets/Story/Speakers/Público.asset using Guid(3f81a4cfd63391a4f8453e2e598cfd30) Importer(815301076,1909f56bfc062723c751e8b465ee728b)  -> (artifact id: '48ee2f7d47d7d0ede6f8d4a4afb6baef') in 0.000951 seconds
Number of updated asset objects reloaded before import = 0
Number of asset objects unloaded after import = 1
========================================================================
Received Import Request.
  Time since last request: 45.256468 seconds.
  path: Assets/Story/Scenes/Perder Primer partido/14.d - Ganar.asset
  artifactKey: Guid(811e783cb5d3d5e489e9789299b414d8) Importer(815301076,1909f56bfc062723c751e8b465ee728b)
Start importing Assets/Story/Scenes/Perder Primer partido/14.d - Ganar.asset using Guid(811e783cb5d3d5e489e9789299b414d8) Importer(815301076,1909f56bfc062723c751e8b465ee728b)  -> (artifact id: '6f5674b4fa68d2a073a6988f3a6ca5f6') in 0.001373 seconds
Number of updated asset objects reloaded before import = 0
Number of asset objects unloaded after import = 3
========================================================================
Received Import Request.
  Time since last request: 108.818399 seconds.
  path: Assets/Story/Scenes/Perder Primer partido/14.d - Ganar.asset
  artifactKey: Guid(811e783cb5d3d5e489e9789299b414d8) Importer(815301076,1909f56bfc062723c751e8b465ee728b)
Start importing Assets/Story/Scenes/Perder Primer partido/14.d - Ganar.asset using Guid(811e783cb5d3d5e489e9789299b414d8) Importer(815301076,1909f56bfc062723c751e8b465ee728b)  -> (artifact id: '74f064730ddab7544e432e1778946190') in 0.007861 seconds
Number of updated asset objects reloaded before import = 0
Number of asset objects unloaded after import = 72
========================================================================
Received Import Request.
  Time since last request: 21.120852 seconds.
  path: Assets/Scenes/Juego/No Hablar/13.b - continuacion.unity
  artifactKey: Guid(b78c8c7ea65761f41bd17032a1e0d780) Importer(815301076,1909f56bfc062723c751e8b465ee728b)
Start importing Assets/Scenes/Juego/No Hablar/13.b - continuacion.unity using Guid(b78c8c7ea65761f41bd17032a1e0d780) Importer(815301076,1909f56bfc062723c751e8b465ee728b)  -> (artifact id: '1daa6de312a110137c555b68abb14ed6') in 0.000461 seconds
Number of updated asset objects reloaded before import = 0
Number of asset objects unloaded after import = 0
========================================================================
Received Import Request.
  Time since last request: 107.337727 seconds.
  path: Assets/Scenes/Juego/13.d finales/13.d - Ganar.unity
  artifactKey: Guid(034fc0de531166e48a8f617b927c1041) Importer(815301076,1909f56bfc062723c751e8b465ee728b)
Start importing Assets/Scenes/Juego/13.d finales/13.d - Ganar.unity using Guid(034fc0de531166e48a8f617b927c1041) Importer(815301076,1909f56bfc062723c751e8b465ee728b)  -> (artifact id: 'ab1701b367822d64034f679eb707cbbc') in 0.000466 seconds
Number of updated asset objects reloaded before import = 0
Number of asset objects unloaded after import = 0
========================================================================
Received Import Request.
  Time since last request: 8.086288 seconds.
  path: Assets/Scenes/Juego/13.d finales/13.d - Ganar 1.unity
  artifactKey: Guid(d3fdfb677c556b54485ee1f441ed19c6) Importer(815301076,1909f56bfc062723c751e8b465ee728b)
Start importing Assets/Scenes/Juego/13.d finales/13.d - Ganar 1.unity using Guid(d3fdfb677c556b54485ee1f441ed19c6) Importer(815301076,1909f56bfc062723c751e8b465ee728b)  -> (artifact id: '81506d822e87f5763efe05b4eeecfc0a') in 0.000429 seconds
Number of updated asset objects reloaded before import = 0
Number of asset objects unloaded after import = 0
========================================================================
Received Import Request.
  Time since last request: 5.091297 seconds.
  path: Assets/Scenes/Juego/13.d finales/13.d - Perder.unity
  artifactKey: Guid(d3fdfb677c556b54485ee1f441ed19c6) Importer(815301076,1909f56bfc062723c751e8b465ee728b)
Start importing Assets/Scenes/Juego/13.d finales/13.d - Perder.unity using Guid(d3fdfb677c556b54485ee1f441ed19c6) Importer(815301076,1909f56bfc062723c751e8b465ee728b)  -> (artifact id: 'cc444d0c724e18eac9bfc17dd76f9fc4') in 0.000467 seconds
Number of updated asset objects reloaded before import = 0
Number of asset objects unloaded after import = 0
========================================================================
Received Import Request.
  Time since last request: 45.435160 seconds.
  path: Assets/Story/Scenes/Perder Primer partido/14.d - Ganar 1.asset
  artifactKey: Guid(6e0dd3b3bf94ba841b2ac4cec6f906bd) Importer(815301076,1909f56bfc062723c751e8b465ee728b)
Start importing Assets/Story/Scenes/Perder Primer partido/14.d - Ganar 1.asset using Guid(6e0dd3b3bf94ba841b2ac4cec6f906bd) Importer(815301076,1909f56bfc062723c751e8b465ee728b)  -> (artifact id: '42beab77904bb8da0335088072ac4ee7') in 0.007260 seconds
Number of updated asset objects reloaded before import = 0
Number of asset objects unloaded after import = 72
========================================================================
Received Import Request.
  Time since last request: 5.219854 seconds.
  path: Assets/Story/Scenes/Perder Primer partido/14.d - Perder.asset
  artifactKey: Guid(6e0dd3b3bf94ba841b2ac4cec6f906bd) Importer(815301076,1909f56bfc062723c751e8b465ee728b)
Start importing Assets/Story/Scenes/Perder Primer partido/14.d - Perder.asset using Guid(6e0dd3b3bf94ba841b2ac4cec6f906bd) Importer(815301076,1909f56bfc062723c751e8b465ee728b)  -> (artifact id: '882400f7724255e75041b29d07a4785c') in 0.006354 seconds
Number of updated asset objects reloaded before import = 0
Number of asset objects unloaded after import = 72
========================================================================
Received Import Request.
  Time since last request: 124.040217 seconds.
  path: Assets/Story/Scenes/Perder Primer partido/14.d - Perder.asset
  artifactKey: Guid(6e0dd3b3bf94ba841b2ac4cec6f906bd) Importer(815301076,1909f56bfc062723c751e8b465ee728b)
Start importing Assets/Story/Scenes/Perder Primer partido/14.d - Perder.asset using Guid(6e0dd3b3bf94ba841b2ac4cec6f906bd) Importer(815301076,1909f56bfc062723c751e8b465ee728b)  -> (artifact id: '70e632cbb3f8f60b156bc23ae5f08154') in 0.006801 seconds
Number of updated asset objects reloaded before import = 0
Number of asset objects unloaded after import = 71
========================================================================
Received Import Request.
  Time since last request: 87.787002 seconds.
  path: Assets/Story/Scenes/Perder Primer partido/No juntarse/NewStoryScene.asset
  artifactKey: Guid(c98d4a4ba378c6e4e801e8106d629641) Importer(815301076,1909f56bfc062723c751e8b465ee728b)
Start importing Assets/Story/Scenes/Perder Primer partido/No juntarse/NewStoryScene.asset using Guid(c98d4a4ba378c6e4e801e8106d629641) Importer(815301076,1909f56bfc062723c751e8b465ee728b)  -> (artifact id: 'd842245dcc96f1412146d15d258b5b4a') in 0.001051 seconds
Number of updated asset objects reloaded before import = 0
Number of asset objects unloaded after import = 1
========================================================================
Received Import Request.
  Time since last request: 19.820452 seconds.
  path: Assets/Story/Scenes/Perder Primer partido/No juntarse/12.d - No junta.asset
  artifactKey: Guid(c98d4a4ba378c6e4e801e8106d629641) Importer(815301076,1909f56bfc062723c751e8b465ee728b)
Start importing Assets/Story/Scenes/Perder Primer partido/No juntarse/12.d - No junta.asset using Guid(c98d4a4ba378c6e4e801e8106d629641) Importer(815301076,1909f56bfc062723c751e8b465ee728b)  -> (artifact id: '91b6a008cd11e6b89eac4da94f55bdd9') in 0.001076 seconds
Number of updated asset objects reloaded before import = 0
Number of asset objects unloaded after import = 1
========================================================================
Received Import Request.
  Time since last request: 15.217429 seconds.
  path: Assets/Sprites/Principales/José ojos cerrados triste.png
  artifactKey: Guid(5119e78c9acd03546a75e0b6b3d34307) Importer(815301076,1909f56bfc062723c751e8b465ee728b)
Start importing Assets/Sprites/Principales/José ojos cerrados triste.png using Guid(5119e78c9acd03546a75e0b6b3d34307) Importer(815301076,1909f56bfc062723c751e8b465ee728b)  -> (artifact id: '67bd04d0b3675c7cb36f4c5863156e24') in 0.103926 seconds
Number of updated asset objects reloaded before import = 0
Number of asset objects unloaded after import = 5
========================================================================
Received Import Request.
  Time since last request: 0.405264 seconds.
  path: Assets/Sprites/Principales/Tomás ojos cerrados normal.png
  artifactKey: Guid(d7c5386096f378c41a3bc9793bb3d848) Importer(815301076,1909f56bfc062723c751e8b465ee728b)
Start importing Assets/Sprites/Principales/Tomás ojos cerrados normal.png using Guid(d7c5386096f378c41a3bc9793bb3d848) Importer(815301076,1909f56bfc062723c751e8b465ee728b)  -> (artifact id: '1773553b8a71ecc0e4fbc8eec2900a8c') in 0.029006 seconds
Number of updated asset objects reloaded before import = 0
Number of asset objects unloaded after import = 5
========================================================================
Received Import Request.
  Time since last request: 400.464688 seconds.
  path: Assets/Story/Scenes/Perder Primer partido/No juntarse/12.d - No junta.asset
  artifactKey: Guid(c98d4a4ba378c6e4e801e8106d629641) Importer(815301076,1909f56bfc062723c751e8b465ee728b)
Start importing Assets/Story/Scenes/Perder Primer partido/No juntarse/12.d - No junta.asset using Guid(c98d4a4ba378c6e4e801e8106d629641) Importer(815301076,1909f56bfc062723c751e8b465ee728b)  -> (artifact id: '4cca7eb40a50876498f4c4fb1cd002a4') in 0.008011 seconds
Number of updated asset objects reloaded before import = 0
Number of asset objects unloaded after import = 72
========================================================================
Received Import Request.
  Time since last request: 40.826042 seconds.
  path: Assets/Story/Scenes/Perder Primer partido/No juntarse/12.d - No junta.asset
  artifactKey: Guid(c98d4a4ba378c6e4e801e8106d629641) Importer(815301076,1909f56bfc062723c751e8b465ee728b)
Start importing Assets/Story/Scenes/Perder Primer partido/No juntarse/12.d - No junta.asset using Guid(c98d4a4ba378c6e4e801e8106d629641) Importer(815301076,1909f56bfc062723c751e8b465ee728b)  -> (artifact id: '840ac9a6822f22f81734782f43eb54d5') in 0.007159 seconds
Number of updated asset objects reloaded before import = 0
Number of asset objects unloaded after import = 72
========================================================================
Received Import Request.
  Time since last request: 68.651323 seconds.
  path: Assets/Story/Scenes/Perder Primer partido/No juntarse/12.d - No junta.asset
  artifactKey: Guid(c98d4a4ba378c6e4e801e8106d629641) Importer(815301076,1909f56bfc062723c751e8b465ee728b)
Start importing Assets/Story/Scenes/Perder Primer partido/No juntarse/12.d - No junta.asset using Guid(c98d4a4ba378c6e4e801e8106d629641) Importer(815301076,1909f56bfc062723c751e8b465ee728b)  -> (artifact id: '32f9f16a0720a3d4954816551401cff8') in 0.006961 seconds
Number of updated asset objects reloaded before import = 0
Number of asset objects unloaded after import = 72
========================================================================
Received Import Request.
  Time since last request: 1.327840 seconds.
  path: Assets/Story/Scenes/Perder Primer partido/14.d - Ganar.asset
  artifactKey: Guid(811e783cb5d3d5e489e9789299b414d8) Importer(815301076,1909f56bfc062723c751e8b465ee728b)
Start importing Assets/Story/Scenes/Perder Primer partido/14.d - Ganar.asset using Guid(811e783cb5d3d5e489e9789299b414d8) Importer(815301076,1909f56bfc062723c751e8b465ee728b)  -> (artifact id: '5f5e3cb52eb8355509f540070a5f2cb3') in 0.007694 seconds
Number of updated asset objects reloaded before import = 0
Number of asset objects unloaded after import = 74
========================================================================
Received Import Request.
  Time since last request: 25.287295 seconds.
  path: Assets/Story/Scenes/Perder Primer partido/No juntarse/12.d - No junta.asset
  artifactKey: Guid(c98d4a4ba378c6e4e801e8106d629641) Importer(815301076,1909f56bfc062723c751e8b465ee728b)
Start importing Assets/Story/Scenes/Perder Primer partido/No juntarse/12.d - No junta.asset using Guid(c98d4a4ba378c6e4e801e8106d629641) Importer(815301076,1909f56bfc062723c751e8b465ee728b)  -> (artifact id: 'cb584d547caf83b63091a833b477a72b') in 0.007886 seconds
Number of updated asset objects reloaded before import = 0
Number of asset objects unloaded after import = 74
