Using pre-set license
Built from '2022.3/staging' branch; Version is '2022.3.30f1 (70558241b701) revision 7361922'; Using compiler version '192829333'; Build Type 'Release'
OS: 'Windows 11  (10.0.22631) 64bit CoreSingleLanguage' Language: 'es' Physical Memory: 32405 MB
BatchMode: 1, IsHumanControllingUs: 0, StartBugReporterOnCrash: 0, Is64bit: 1, IsPro: 1

COMMAND LINE ARGUMENTS:
C:\Program Files\Unity\Hub\Editor\2022.3.30f1\Editor\Unity.exe
-adb2
-batchMode
-noUpm
-name
AssetImportWorker2
-projectPath
C:/Users/marce/OneDrive/Documentos/GitHub/Rey_de_la_cancha
-logFile
Logs/AssetImportWorker2.log
-srvPort
59464
Successfully changed project path to: C:/Users/marce/OneDrive/Documentos/GitHub/Rey_de_la_cancha
C:/Users/marce/OneDrive/Documentos/GitHub/Rey_de_la_cancha
[UnityMemory] Configuration Parameters - Can be set up in boot.config
    "memorysetup-bucket-allocator-granularity=16"
    "memorysetup-bucket-allocator-bucket-count=8"
    "memorysetup-bucket-allocator-block-size=33554432"
    "memorysetup-bucket-allocator-block-count=8"
    "memorysetup-main-allocator-block-size=16777216"
    "memorysetup-thread-allocator-block-size=16777216"
    "memorysetup-gfx-main-allocator-block-size=16777216"
    "memorysetup-gfx-thread-allocator-block-size=16777216"
    "memorysetup-cache-allocator-block-size=4194304"
    "memorysetup-typetree-allocator-block-size=2097152"
    "memorysetup-profiler-bucket-allocator-granularity=16"
    "memorysetup-profiler-bucket-allocator-bucket-count=8"
    "memorysetup-profiler-bucket-allocator-block-size=33554432"
    "memorysetup-profiler-bucket-allocator-block-count=8"
    "memorysetup-profiler-allocator-block-size=16777216"
    "memorysetup-profiler-editor-allocator-block-size=1048576"
    "memorysetup-temp-allocator-size-main=16777216"
    "memorysetup-job-temp-allocator-block-size=2097152"
    "memorysetup-job-temp-allocator-block-size-background=1048576"
    "memorysetup-job-temp-allocator-reduction-small-platforms=262144"
    "memorysetup-allocator-temp-initial-block-size-main=262144"
    "memorysetup-allocator-temp-initial-block-size-worker=262144"
    "memorysetup-temp-allocator-size-background-worker=32768"
    "memorysetup-temp-allocator-size-job-worker=262144"
    "memorysetup-temp-allocator-size-preload-manager=33554432"
    "memorysetup-temp-allocator-size-nav-mesh-worker=65536"
    "memorysetup-temp-allocator-size-audio-worker=65536"
    "memorysetup-temp-allocator-size-cloud-worker=32768"
    "memorysetup-temp-allocator-size-gi-baking-worker=262144"
    "memorysetup-temp-allocator-size-gfx=262144"
Player connection [54200] Host "[IP] 192.168.0.4 [Port] 0 [Flags] 2 [Guid] 1301494477 [EditorId] 1301494477 [Version] 1048832 [Id] WindowsEditor(7,Kattcha) [Debug] 1 [PackageName] WindowsEditor [ProjectName] Editor" joined multi-casting on [225.0.0.222:54997]...

Player connection [54200] Host "[IP] 192.168.0.4 [Port] 0 [Flags] 2 [Guid] 1301494477 [EditorId] 1301494477 [Version] 1048832 [Id] WindowsEditor(7,Kattcha) [Debug] 1 [PackageName] WindowsEditor [ProjectName] Editor" joined alternative multi-casting on [225.0.0.222:34997]...

[Physics::Module] Initialized MultithreadedJobDispatcher with 15 workers.
Refreshing native plugins compatible for Editor in 14.52 ms, found 4 plugins.
Preloading 0 native plugins for Editor in 0.00 ms.
Initialize engine version: 2022.3.30f1 (70558241b701)
[Subsystems] Discovering subsystems at path C:/Program Files/Unity/Hub/Editor/2022.3.30f1/Editor/Data/Resources/UnitySubsystems
[Subsystems] Discovering subsystems at path C:/Users/marce/OneDrive/Documentos/GitHub/Rey_de_la_cancha/Assets
GfxDevice: creating device client; threaded=0; jobified=0
Direct3D:
    Version:  Direct3D 11.0 [level 11.1]
    Renderer: NVIDIA GeForce RTX 3060 Laptop GPU (ID=0x2520)
    Vendor:   NVIDIA
    VRAM:     5996 MB
    Driver:   32.0.15.5613
Initialize mono
Mono path[0] = 'C:/Program Files/Unity/Hub/Editor/2022.3.30f1/Editor/Data/Managed'
Mono path[1] = 'C:/Program Files/Unity/Hub/Editor/2022.3.30f1/Editor/Data/MonoBleedingEdge/lib/mono/unityjit-win32'
Mono config path = 'C:/Program Files/Unity/Hub/Editor/2022.3.30f1/Editor/Data/MonoBleedingEdge/etc'
Using monoOptions --debugger-agent=transport=dt_socket,embedding=1,server=y,suspend=n,address=127.0.0.1:56812
Begin MonoManager ReloadAssembly
Registering precompiled unity dll's ...
Register platform support module: C:/Program Files/Unity/Hub/Editor/2022.3.30f1/Editor/Data/PlaybackEngines/AndroidPlayer/UnityEditor.Android.Extensions.dll
Register platform support module: C:/Program Files/Unity/Hub/Editor/2022.3.30f1/Editor/Data/PlaybackEngines/WindowsStandaloneSupport/UnityEditor.WindowsStandalone.Extensions.dll
Register platform support module: C:/Program Files/Unity/Hub/Editor/2022.3.30f1/Editor/Data/PlaybackEngines/MetroSupport/UnityEditor.UWP.Extensions.dll
Registered in 0.010171 seconds.
- Loaded All Assemblies, in  0.325 seconds
Native extension for UWP target not found
Native extension for WindowsStandalone target not found
Native extension for Android target not found
Android Extension - Scanning For ADB Devices 299 ms
Mono: successfully reloaded assembly
- Finished resetting the current domain, in  0.608 seconds
Domain Reload Profiling: 931ms
	BeginReloadAssembly (87ms)
		ExecutionOrderSort (0ms)
		DisableScriptedObjects (0ms)
		BackupInstance (0ms)
		ReleaseScriptingObjects (0ms)
		CreateAndSetChildDomain (1ms)
	RebuildCommonClasses (36ms)
	RebuildNativeTypeToScriptingClass (10ms)
	initialDomainReloadingComplete (57ms)
	LoadAllAssembliesAndSetupDomain (133ms)
		LoadAssemblies (85ms)
		RebuildTransferFunctionScriptingTraits (0ms)
		AnalyzeDomain (130ms)
			TypeCache.Refresh (129ms)
				TypeCache.ScanAssembly (119ms)
			ScanForSourceGeneratedMonoScriptInfo (0ms)
			ResolveRequiredComponents (0ms)
	FinalizeReload (609ms)
		ReleaseScriptCaches (0ms)
		RebuildScriptCaches (0ms)
		SetupLoadedEditorAssemblies (554ms)
			LogAssemblyErrors (0ms)
			InitializePlatformSupportModulesInManaged (412ms)
			SetLoadedEditorAssemblies (3ms)
			RefreshPlugins (0ms)
			BeforeProcessingInitializeOnLoad (2ms)
			ProcessInitializeOnLoadAttributes (97ms)
			ProcessInitializeOnLoadMethodAttributes (40ms)
			AfterProcessingInitializeOnLoad (0ms)
			EditorAssembliesLoaded (0ms)
		ExecutionOrderSort2 (0ms)
		AwakeInstancesAfterBackupRestoration (0ms)
========================================================================
Worker process is ready to serve import requests
Begin MonoManager ReloadAssembly
- Loaded All Assemblies, in  0.696 seconds
Refreshing native plugins compatible for Editor in 4.84 ms, found 4 plugins.
Native extension for UWP target not found
Native extension for WindowsStandalone target not found
Native extension for Android target not found
Package Manager log level set to [2]
[Package Manager] Server::EnsureServerProcessIsRunning -- launch failed, reason: Unity was launched with the -noUpm command-line argument
[Package Manager] UpmClient::Send -- Unable to send message (not connected to UPM process).
[Package Manager] Cannot connect to Unity Package Manager local server
Mono: successfully reloaded assembly
- Finished resetting the current domain, in  0.887 seconds
Domain Reload Profiling: 1578ms
	BeginReloadAssembly (110ms)
		ExecutionOrderSort (0ms)
		DisableScriptedObjects (4ms)
		BackupInstance (0ms)
		ReleaseScriptingObjects (0ms)
		CreateAndSetChildDomain (18ms)
	RebuildCommonClasses (25ms)
	RebuildNativeTypeToScriptingClass (10ms)
	initialDomainReloadingComplete (35ms)
	LoadAllAssembliesAndSetupDomain (511ms)
		LoadAssemblies (325ms)
		RebuildTransferFunctionScriptingTraits (0ms)
		AnalyzeDomain (250ms)
			TypeCache.Refresh (209ms)
				TypeCache.ScanAssembly (186ms)
			ScanForSourceGeneratedMonoScriptInfo (29ms)
			ResolveRequiredComponents (11ms)
	FinalizeReload (887ms)
		ReleaseScriptCaches (0ms)
		RebuildScriptCaches (0ms)
		SetupLoadedEditorAssemblies (685ms)
			LogAssemblyErrors (0ms)
			InitializePlatformSupportModulesInManaged (19ms)
			SetLoadedEditorAssemblies (4ms)
			RefreshPlugins (0ms)
			BeforeProcessingInitializeOnLoad (80ms)
			ProcessInitializeOnLoadAttributes (514ms)
			ProcessInitializeOnLoadMethodAttributes (62ms)
			AfterProcessingInitializeOnLoad (6ms)
			EditorAssembliesLoaded (0ms)
		ExecutionOrderSort2 (0ms)
		AwakeInstancesAfterBackupRestoration (5ms)
Launched and connected shader compiler UnityShaderCompiler.exe after 0.07 seconds
Refreshing native plugins compatible for Editor in 4.00 ms, found 4 plugins.
Preloading 0 native plugins for Editor in 0.00 ms.
Unloading 5875 Unused Serialized files (Serialized files now loaded: 0)
Unloading 103 unused Assets / (0.8 MB). Loaded Objects now: 6334.
Memory consumption went from 218.6 MB to 217.8 MB.
Total: 4.108700 ms (FindLiveObjects: 0.386100 ms CreateObjectMapping: 0.519400 ms MarkObjects: 2.839500 ms  DeleteObjects: 0.362700 ms)

AssetImportParameters requested are different than current active one (requested -> active):
  custom:container-demuxer-ogg: 62fdf1f143b41e24485cea50d1cbac27 -> 
  custom:video-codec-MediaFoundation-h265: 746d11721c4dcdbdad8f713fa42b33f4 -> 
  custom:video-decoder-ogg-theora: a1e56fd34408186e4bbccfd4996cb3dc -> 
  custom:framework-win-MediaFoundation: 216162199b28c13a410421893ffa2e32 -> 
  custom:CustomObjectIndexerAttribute: 72b91833f83ae208fae7752999fa3104 -> 
  custom:container-demuxer-webm: 4f35f7cbe854078d1ac9338744f61a02 -> 
  custom:container-muxer-webm: aa71ff27fc2769a1b78a27578f13a17b -> 
  custom:video-decoder-webm-vp8: 9c59270c3fd7afecdb556c50c9e8de78 -> 
  custom:SearchIndexIgnoredProperties: e643bd26f0fe6173181afceb89e7c659 -> 
  custom:AudioImporter_EditorPlatform: d09bf68614088b80899f8185d706f6e7 -> 
  custom:video-encoder-webm-vp8: eb34c28f22e8b96e1ab97ce403110664 -> 
  custom:audio-decoder-ogg-vorbis: bf7c407c2cedff20999df2af8eb42d56 -> 
  custom:audio-encoder-webm-vorbis: bf7c407c2cedff20999df2af8eb42d56 -> 
========================================================================
Received Import Request.
  Time since last request: 230613.228150 seconds.
  path: Assets/Scenes/Juego/13.d finales/13.d - Perder.unity
  artifactKey: Guid(d3fdfb677c556b54485ee1f441ed19c6) Importer(815301076,1909f56bfc062723c751e8b465ee728b)
Start importing Assets/Scenes/Juego/13.d finales/13.d - Perder.unity using Guid(d3fdfb677c556b54485ee1f441ed19c6) Importer(815301076,1909f56bfc062723c751e8b465ee728b)  -> (artifact id: 'b1bc17afec1b25d484d5a4939e495932') in 0.005154 seconds
Number of updated asset objects reloaded before import = 0
Number of asset objects unloaded after import = 0
========================================================================
Received Import Request.
  Time since last request: 4.816493 seconds.
  path: Assets/Scenes/Juego/Hablar/14.b Final.unity
  artifactKey: Guid(9d4b4175deae3054591e97eba31bfbbd) Importer(815301076,1909f56bfc062723c751e8b465ee728b)
Start importing Assets/Scenes/Juego/Hablar/14.b Final.unity using Guid(9d4b4175deae3054591e97eba31bfbbd) Importer(815301076,1909f56bfc062723c751e8b465ee728b)  -> (artifact id: '830a25e43414f6977a9c5f6451948c00') in 0.000584 seconds
Number of updated asset objects reloaded before import = 0
Number of asset objects unloaded after import = 0
========================================================================
Received Import Request.
  Time since last request: 2.770218 seconds.
  path: Assets/Scenes/Juego/Hablar/16.a continuaci贸n.unity
  artifactKey: Guid(07b50c74a76aec54584762328ce4e78c) Importer(815301076,1909f56bfc062723c751e8b465ee728b)
Start importing Assets/Scenes/Juego/Hablar/16.a continuaci贸n.unity using Guid(07b50c74a76aec54584762328ce4e78c) Importer(815301076,1909f56bfc062723c751e8b465ee728b)  -> (artifact id: '780621f57f7c9b496f0e0c808ea6ab95') in 0.000933 seconds
Number of updated asset objects reloaded before import = 0
Number of asset objects unloaded after import = 0
========================================================================
Received Import Request.
  Time since last request: 2.914307 seconds.
  path: Assets/Scenes/Juego/Hablar/19.a - continuaci贸n.unity
  artifactKey: Guid(c14b5fdd2568f5740bdeb0e6bbd9cfff) Importer(815301076,1909f56bfc062723c751e8b465ee728b)
Start importing Assets/Scenes/Juego/Hablar/19.a - continuaci贸n.unity using Guid(c14b5fdd2568f5740bdeb0e6bbd9cfff) Importer(815301076,1909f56bfc062723c751e8b465ee728b)  -> (artifact id: 'dcd2b7fe9eb36d2c37261add39d41306') in 0.000644 seconds
Number of updated asset objects reloaded before import = 0
Number of asset objects unloaded after import = 0
========================================================================
Received Import Request.
  Time since last request: 4.508892 seconds.
  path: Assets/Scenes/Juego/No Hablar/11.b - continuacion.unity
  artifactKey: Guid(8a1ebffded4554d4ca8b010644ed1686) Importer(815301076,1909f56bfc062723c751e8b465ee728b)
Start importing Assets/Scenes/Juego/No Hablar/11.b - continuacion.unity using Guid(8a1ebffded4554d4ca8b010644ed1686) Importer(815301076,1909f56bfc062723c751e8b465ee728b)  -> (artifact id: 'e5a137e9361d5e2f5666c776377d7597') in 0.000664 seconds
Number of updated asset objects reloaded before import = 0
Number of asset objects unloaded after import = 0
========================================================================
Received Import Request.
  Time since last request: 2.770991 seconds.
  path: Assets/Scenes/Juego/No Hablar/13.b - continuacion.unity
  artifactKey: Guid(b78c8c7ea65761f41bd17032a1e0d780) Importer(815301076,1909f56bfc062723c751e8b465ee728b)
Start importing Assets/Scenes/Juego/No Hablar/13.b - continuacion.unity using Guid(b78c8c7ea65761f41bd17032a1e0d780) Importer(815301076,1909f56bfc062723c751e8b465ee728b)  -> (artifact id: '649ca89162fdfa8e8ecfeeef4ae45656') in 0.000602 seconds
Number of updated asset objects reloaded before import = 0
Number of asset objects unloaded after import = 0
========================================================================
Received Import Request.
  Time since last request: 5.157168 seconds.
  path: Assets/Scenes/Juego/No Hablar/11.b - continuacion.unity
  artifactKey: Guid(8a1ebffded4554d4ca8b010644ed1686) Importer(815301076,1909f56bfc062723c751e8b465ee728b)
Start importing Assets/Scenes/Juego/No Hablar/11.b - continuacion.unity using Guid(8a1ebffded4554d4ca8b010644ed1686) Importer(815301076,1909f56bfc062723c751e8b465ee728b)  -> (artifact id: 'b57657b367cff80871436d5f908402e6') in 0.000551 seconds
Number of updated asset objects reloaded before import = 0
Number of asset objects unloaded after import = 0
========================================================================
Received Import Request.
  Time since last request: 4.373367 seconds.
  path: Assets/Scenes/Juego/Primer partido
  artifactKey: Guid(cc8da636f83291342b7476a20a88c418) Importer(815301076,1909f56bfc062723c751e8b465ee728b)
Start importing Assets/Scenes/Juego/Primer partido using Guid(cc8da636f83291342b7476a20a88c418) Importer(815301076,1909f56bfc062723c751e8b465ee728b)  -> (artifact id: '237b34ebf6d52f6276b266eca67904e3') in 0.000556 seconds
Number of updated asset objects reloaded before import = 0
Number of asset objects unloaded after import = 0
========================================================================
Received Import Request.
  Time since last request: 0.938309 seconds.
  path: Assets/Scenes/Juego/Primer partido/9.5.a - Continuacion Ganar.unity
  artifactKey: Guid(3637244fc28cdde4c8e2fa377f490887) Importer(815301076,1909f56bfc062723c751e8b465ee728b)
Start importing Assets/Scenes/Juego/Primer partido/9.5.a - Continuacion Ganar.unity using Guid(3637244fc28cdde4c8e2fa377f490887) Importer(815301076,1909f56bfc062723c751e8b465ee728b)  -> (artifact id: '26772db647c93e15d010e3bd5279a6ef') in 0.000564 seconds
Number of updated asset objects reloaded before import = 0
Number of asset objects unloaded after import = 0
========================================================================
Received Import Request.
  Time since last request: 2.504028 seconds.
  path: Assets/Scenes/Juego/Primer partido/9.5.a - Continuacion perder.unity
  artifactKey: Guid(f9d9c7d6f9c873a4ea1eb24826754cf0) Importer(815301076,1909f56bfc062723c751e8b465ee728b)
Start importing Assets/Scenes/Juego/Primer partido/9.5.a - Continuacion perder.unity using Guid(f9d9c7d6f9c873a4ea1eb24826754cf0) Importer(815301076,1909f56bfc062723c751e8b465ee728b)  -> (artifact id: 'aa7a6414b3dad468227eb495888de415') in 0.000635 seconds
Number of updated asset objects reloaded before import = 0
Number of asset objects unloaded after import = 0
========================================================================
Received Import Request.
  Time since last request: 4.734795 seconds.
  path: Assets/Scenes/Juego/Primer partido/9.5.a - Continuacion Ganar.unity
  artifactKey: Guid(3637244fc28cdde4c8e2fa377f490887) Importer(815301076,1909f56bfc062723c751e8b465ee728b)
Start importing Assets/Scenes/Juego/Primer partido/9.5.a - Continuacion Ganar.unity using Guid(3637244fc28cdde4c8e2fa377f490887) Importer(815301076,1909f56bfc062723c751e8b465ee728b)  -> (artifact id: '7bdbc0c4e88d1fa5dee384480730fda0') in 0.000542 seconds
Number of updated asset objects reloaded before import = 0
Number of asset objects unloaded after import = 0
========================================================================
Received Import Request.
  Time since last request: 3.155880 seconds.
  path: Assets/Scenes/Juego/Primer partido/9.5.a - Continuacion perder.unity
  artifactKey: Guid(f9d9c7d6f9c873a4ea1eb24826754cf0) Importer(815301076,1909f56bfc062723c751e8b465ee728b)
Start importing Assets/Scenes/Juego/Primer partido/9.5.a - Continuacion perder.unity using Guid(f9d9c7d6f9c873a4ea1eb24826754cf0) Importer(815301076,1909f56bfc062723c751e8b465ee728b)  -> (artifact id: '4ab3fabe12bb55f69d0e4cf0578eef2b') in 0.000553 seconds
Number of updated asset objects reloaded before import = 0
Number of asset objects unloaded after import = 0
========================================================================
Received Import Request.
  Time since last request: 4.133428 seconds.
  path: Assets/Scenes/Juego/Salto
  artifactKey: Guid(f7d9feb9160985e49911d979f2eef087) Importer(815301076,1909f56bfc062723c751e8b465ee728b)
Start importing Assets/Scenes/Juego/Salto using Guid(f7d9feb9160985e49911d979f2eef087) Importer(815301076,1909f56bfc062723c751e8b465ee728b)  -> (artifact id: '693317ff5e27e0aaa2fbe55f75db645e') in 0.000623 seconds
Number of updated asset objects reloaded before import = 0
Number of asset objects unloaded after import = 0
========================================================================
Received Import Request.
  Time since last request: 0.773576 seconds.
  path: Assets/Scenes/Juego/Salto/2.a Ganas Salto.unity
  artifactKey: Guid(9bbe8d6b01d83b34f98403031069329b) Importer(815301076,1909f56bfc062723c751e8b465ee728b)
Start importing Assets/Scenes/Juego/Salto/2.a Ganas Salto.unity using Guid(9bbe8d6b01d83b34f98403031069329b) Importer(815301076,1909f56bfc062723c751e8b465ee728b)  -> (artifact id: 'b5f3021f8f9a920be8f6db020164c3fe') in 0.000631 seconds
Number of updated asset objects reloaded before import = 0
Number of asset objects unloaded after import = 0
========================================================================
Received Import Request.
  Time since last request: 2.483035 seconds.
  path: Assets/Scenes/Juego/Salto/2.b Pierdes Salto.unity
  artifactKey: Guid(65fff5672025200488ea69ac0818b7c4) Importer(815301076,1909f56bfc062723c751e8b465ee728b)
Start importing Assets/Scenes/Juego/Salto/2.b Pierdes Salto.unity using Guid(65fff5672025200488ea69ac0818b7c4) Importer(815301076,1909f56bfc062723c751e8b465ee728b)  -> (artifact id: '47e1b2e4d75e82518314dd0770fb4347') in 0.000572 seconds
Number of updated asset objects reloaded before import = 0
Number of asset objects unloaded after import = 0
========================================================================
Received Import Request.
  Time since last request: 3.655735 seconds.
  path: Assets/Scenes/Juego/1- Inicio Juego.unity
  artifactKey: Guid(d820e32fc23669e47b6ddcfd1c1a9a77) Importer(815301076,1909f56bfc062723c751e8b465ee728b)
Start importing Assets/Scenes/Juego/1- Inicio Juego.unity using Guid(d820e32fc23669e47b6ddcfd1c1a9a77) Importer(815301076,1909f56bfc062723c751e8b465ee728b)  -> (artifact id: 'cad80daf7754af311cdcf3349b6de36c') in 0.000705 seconds
Number of updated asset objects reloaded before import = 0
Number of asset objects unloaded after import = 0
========================================================================
Received Prepare
Refreshing native plugins compatible for Editor in 4.71 ms, found 4 plugins.
Preloading 0 native plugins for Editor in 0.00 ms.
Unloading 6 Unused Serialized files (Serialized files now loaded: 0)
Unloading 7 unused Assets / (0.8 MB). Loaded Objects now: 6334.
Memory consumption went from 104.4 MB to 103.6 MB.
Total: 4.837200 ms (FindLiveObjects: 0.411000 ms CreateObjectMapping: 0.216800 ms MarkObjects: 3.929500 ms  DeleteObjects: 0.279200 ms)

Prepare: number of updated asset objects reloaded= 0
AssetImportParameters requested are different than current active one (requested -> active):
  custom:container-demuxer-ogg: 62fdf1f143b41e24485cea50d1cbac27 -> 
  custom:video-codec-MediaFoundation-h265: 746d11721c4dcdbdad8f713fa42b33f4 -> 
  custom:video-decoder-ogg-theora: a1e56fd34408186e4bbccfd4996cb3dc -> 
  custom:framework-win-MediaFoundation: 216162199b28c13a410421893ffa2e32 -> 
  custom:CustomObjectIndexerAttribute: 72b91833f83ae208fae7752999fa3104 -> 
  custom:container-demuxer-webm: 4f35f7cbe854078d1ac9338744f61a02 -> 
  custom:container-muxer-webm: aa71ff27fc2769a1b78a27578f13a17b -> 
  custom:video-decoder-webm-vp8: 9c59270c3fd7afecdb556c50c9e8de78 -> 
  custom:SearchIndexIgnoredProperties: e643bd26f0fe6173181afceb89e7c659 -> 
  custom:AudioImporter_EditorPlatform: d09bf68614088b80899f8185d706f6e7 -> 
  custom:video-encoder-webm-vp8: eb34c28f22e8b96e1ab97ce403110664 -> 
  custom:audio-decoder-ogg-vorbis: bf7c407c2cedff20999df2af8eb42d56 -> 
  custom:audio-encoder-webm-vorbis: bf7c407c2cedff20999df2af8eb42d56 -> 
